SF:lib/src/async_value.dart
DA:10,6
DA:11,6
DA:16,6
DA:17,12
DA:25,17
DA:29,4
DA:30,4
DA:34,6
DA:37,4
DA:40,6
DA:43,2
DA:46,8
DA:78,2
DA:82,4
DA:84,6
DA:87,4
DA:88,2
DA:91,4
DA:92,2
DA:101,9
DA:103,2
DA:105,4
DA:108,8
DA:109,23
DA:111,2
DA:112,10
DA:119,5
DA:120,1
DA:122,1
DA:124,1
DA:125,3
DA:126,3
DA:128,1
DA:130,8
DA:134,9
DA:135,9
DA:137,2
DA:138,4
DA:142,3
DA:143,3
DA:145,1
DA:146,2
LF:42
LH:42
end_of_record
SF:lib/src/beacons/future.dart
DA:13,12
DA:17,4
DA:25,6
DA:28,6
DA:31,3
DA:34,3
DA:37,3
DA:40,6
DA:49,4
DA:50,4
DA:51,12
DA:53,8
DA:56,4
DA:60,12
DA:62,4
DA:64,4
DA:67,4
DA:70,4
DA:71,4
DA:74,8
DA:75,8
DA:77,4
DA:82,2
DA:83,2
DA:84,2
DA:92,1
DA:97,3
DA:98,1
DA:102,1
DA:104,2
DA:105,1
DA:108,1
DA:111,2
DA:112,1
LF:34
LH:34
end_of_record
SF:lib/src/beacons/undo_redo.dart
DA:8,3
DA:9,3
DA:10,1
DA:11,3
DA:15,3
DA:16,6
DA:17,3
DA:19,2
DA:20,2
DA:22,3
DA:24,9
DA:27,3
DA:28,3
DA:29,3
DA:32,1
DA:33,1
DA:34,2
DA:35,4
DA:39,1
DA:40,1
DA:41,2
DA:42,4
DA:46,3
DA:47,6
DA:48,12
DA:50,4
DA:52,6
DA:55,3
DA:56,12
DA:57,6
DA:58,3
LF:31
LH:31
end_of_record
SF:lib/src/beacons/async.dart
DA:4,7
DA:25,2
DA:26,2
DA:28,2
DA:31,3
DA:33,3
DA:34,3
LF:7
LH:7
end_of_record
SF:lib/src/base_beacon.dart
DA:38,26
DA:39,11
DA:40,26
DA:41,26
DA:42,26
DA:45,2
DA:48,22
DA:51,10
DA:57,10
DA:65,14
DA:75,8
DA:78,8
DA:81,12
DA:84,24
DA:87,10
DA:91,24
DA:92,24
DA:93,2
DA:96,24
DA:98,1
DA:101,24
DA:103,9
DA:105,24
DA:108,25
DA:109,25
DA:110,1
DA:111,2
DA:112,3
DA:113,2
DA:115,1
DA:116,2
DA:120,25
DA:121,12
DA:123,25
DA:127,25
DA:128,25
DA:129,10
DA:130,10
DA:131,10
DA:132,10
DA:133,1
DA:134,10
DA:135,50
DA:136,50
DA:137,25
DA:139,1
DA:140,25
DA:146,18
DA:147,54
DA:148,18
DA:149,36
DA:152,5
DA:155,18
DA:158,25
DA:161,25
DA:164,21
DA:165,2
DA:170,70
DA:171,40
DA:176,6
DA:177,6
DA:179,12
DA:184,8
DA:185,16
DA:186,16
DA:187,24
DA:188,8
DA:189,12
DA:190,4
DA:192,16
DA:193,8
DA:194,1
DA:197,2
DA:198,7
LF:74
LH:74
end_of_record
SF:lib/src/beacons/buffered.dart
DA:11,6
DA:13,18
DA:15,6
DA:16,12
DA:17,12
DA:20,6
DA:21,12
DA:22,12
DA:28,1
DA:29,1
DA:30,2
DA:33,2
DA:35,2
DA:36,2
DA:37,4
DA:38,2
DA:43,3
DA:45,3
DA:52,5
DA:53,5
DA:55,5
DA:57,5
DA:59,20
DA:60,15
DA:61,5
DA:70,6
DA:72,3
DA:74,3
DA:75,3
DA:78,3
DA:79,9
DA:80,12
DA:81,9
DA:82,3
DA:83,3
DA:88,1
DA:90,2
DA:91,1
LF:38
LH:38
end_of_record
SF:lib/src/exceptions.dart
DA:6,1
DA:7,1
DA:10,1
DA:11,2
DA:17,2
DA:18,2
DA:22,1
DA:23,2
DA:28,1
DA:29,1
DA:33,1
DA:34,2
LF:12
LH:12
end_of_record
SF:lib/src/beacons/map.dart
DA:4,1
DA:7,1
DA:9,1
DA:10,2
DA:11,2
DA:14,1
DA:15,2
DA:16,2
DA:19,1
DA:20,2
DA:21,2
DA:24,1
DA:25,2
DA:26,2
DA:30,1
DA:31,2
DA:32,2
DA:35,1
DA:36,2
DA:37,2
DA:40,1
DA:41,2
DA:42,2
DA:45,1
DA:46,2
DA:47,2
DA:52,1
DA:54,1
LF:28
LH:28
end_of_record
SF:lib/src/beacons/list.dart
DA:4,8
DA:7,8
DA:9,1
DA:10,2
DA:11,2
DA:14,1
DA:15,2
DA:16,2
DA:19,1
DA:20,2
DA:21,2
DA:24,1
DA:25,2
DA:26,2
DA:29,8
DA:30,16
DA:31,16
DA:34,1
DA:35,2
DA:36,2
DA:39,7
DA:40,14
DA:41,14
DA:44,1
DA:45,2
DA:46,2
DA:49,1
DA:50,2
DA:51,2
DA:54,1
DA:55,2
DA:56,2
DA:59,1
DA:60,4
DA:62,5
DA:64,2
DA:67,1
DA:68,2
DA:69,2
DA:73,1
DA:74,2
DA:75,2
DA:79,1
DA:80,2
DA:81,2
DA:85,1
DA:86,2
DA:87,2
DA:90,1
DA:91,2
DA:92,2
DA:95,1
DA:96,2
DA:97,2
DA:100,1
DA:101,2
DA:102,2
DA:105,1
DA:106,2
DA:107,2
DA:110,1
DA:111,2
DA:112,2
DA:115,1
DA:116,2
DA:117,2
DA:120,1
DA:121,2
DA:122,2
DA:126,6
DA:128,6
LF:71
LH:71
end_of_record
SF:lib/src/beacons/debounced.dart
DA:7,5
DA:13,1
DA:15,1
DA:18,5
DA:20,5
DA:21,3
DA:24,7
DA:25,16
DA:26,4
DA:30,1
DA:32,1
DA:33,1
LF:12
LH:12
end_of_record
SF:lib/src/beacons/filtered.dart
DA:8,5
DA:12,2
DA:15,1
DA:16,1
DA:19,1
DA:20,1
DA:22,5
DA:24,17
DA:25,5
LF:9
LH:9
end_of_record
SF:lib/src/beacons/writable.dart
DA:4,23
DA:6,15
DA:7,15
DA:12,3
DA:13,6
DA:17,20
DA:18,20
DA:21,7
DA:23,7
DA:24,7
DA:29,2
DA:31,2
LF:12
LH:12
end_of_record
SF:lib/src/beacons/timestamp.dart
DA:6,3
DA:7,3
DA:8,1
DA:9,2
DA:12,3
DA:13,6
LF:6
LH:6
end_of_record
SF:lib/src/beacons/derived_future.dart
DA:11,3
DA:18,2
DA:19,2
DA:21,6
DA:22,6
DA:26,6
DA:29,6
DA:31,1
DA:34,3
DA:35,2
DA:38,1
DA:40,5
DA:45,1
DA:47,2
DA:48,1
LF:15
LH:15
end_of_record
SF:lib/src/mixins/beacon_consumer.dart
DA:7,9
DA:8,21
DA:9,3
DA:11,18
LF:4
LH:4
end_of_record
SF:lib/src/beacons/derived.dart
DA:8,7
DA:9,7
DA:12,2
DA:14,4
DA:15,2
DA:21,4
LF:6
LH:6
end_of_record
SF:lib/src/beacons/throttled.dart
DA:14,5
DA:21,2
DA:26,1
DA:27,1
DA:29,1
DA:33,1
DA:34,1
DA:36,5
DA:38,5
DA:39,3
DA:40,2
DA:45,5
DA:46,5
DA:48,9
DA:49,20
DA:50,10
DA:51,2
DA:52,1
DA:54,10
DA:55,5
DA:60,2
DA:61,4
DA:62,2
DA:63,4
DA:66,1
DA:68,1
DA:69,1
DA:72,2
DA:74,2
DA:75,2
LF:30
LH:30
end_of_record
SF:lib/src/effect.dart
DA:3,78
DA:13,9
DA:15,9
DA:16,9
DA:17,9
DA:20,9
DA:21,9
DA:22,11
DA:23,9
DA:24,13
DA:29,27
DA:30,6
DA:31,12
DA:33,6
DA:35,12
DA:36,18
DA:37,7
DA:38,12
DA:44,18
DA:46,9
DA:48,18
DA:52,5
DA:53,10
DA:54,7
DA:58,5
DA:62,10
DA:64,15
DA:65,2
DA:70,10
DA:71,10
DA:73,2
DA:77,9
DA:78,18
DA:79,18
DA:83,18
DA:84,27
DA:86,2
DA:88,27
DA:91,26
DA:92,52
DA:96,9
DA:101,9
DA:102,9
LF:43
LH:43
end_of_record
SF:lib/src/beacons/readable.dart
DA:4,26
LF:1
LH:1
end_of_record
SF:lib/src/beacons/set.dart
DA:4,1
DA:7,1
DA:9,1
DA:10,2
DA:11,2
DA:14,1
DA:15,2
DA:16,2
DA:19,1
DA:20,2
DA:21,2
DA:24,1
DA:25,2
DA:26,2
DA:30,1
DA:31,2
DA:32,2
DA:35,1
DA:36,2
DA:37,2
DA:40,1
DA:41,2
DA:42,2
DA:46,1
DA:48,1
LF:25
LH:25
end_of_record
SF:lib/src/beacons/stream.dart
DA:8,4
DA:12,8
DA:13,4
DA:24,4
DA:25,12
DA:28,4
DA:29,12
DA:30,4
DA:31,8
DA:33,1
DA:34,2
DA:36,4
DA:37,4
DA:41,3
DA:43,3
DA:44,3
DA:51,2
DA:59,3
DA:60,1
DA:62,2
DA:78,2
DA:79,6
DA:82,2
DA:83,6
DA:84,2
DA:85,2
DA:86,2
DA:87,3
DA:88,2
DA:90,2
DA:94,2
DA:96,2
DA:98,2
LF:33
LH:33
end_of_record
SF:lib/src/beacons/awaited.dart
DA:6,6
DA:10,2
DA:11,4
DA:12,8
DA:13,4
DA:14,4
DA:17,4
DA:18,4
DA:19,4
DA:20,2
DA:25,2
DA:26,4
DA:32,2
DA:34,4
DA:39,3
DA:40,6
DA:42,1
DA:45,1
DA:47,2
DA:48,1
DA:52,12
LF:21
LH:21
end_of_record
SF:lib/src/batch.dart
DA:3,6
DA:7,50
DA:9,3
DA:10,3
DA:11,1
DA:15,3
DA:17,3
DA:19,3
DA:24,3
DA:27,3
DA:28,1
DA:32,4
DA:33,4
DA:35,4
LF:14
LH:14
end_of_record
SF:lib/src/extensions/wrap.dart
DA:32,3
DA:38,9
DA:40,3
DA:41,3
DA:44,2
DA:45,1
DA:46,1
DA:50,6
DA:52,6
DA:53,3
DA:56,9
DA:61,5
DA:64,2
DA:67,5
DA:70,1
LF:15
LH:15
end_of_record
SF:lib/src/extensions/wrap_utils.dart
DA:6,3
DA:10,3
DA:13,3
DA:19,3
DA:20,6
DA:28,1
DA:32,1
DA:35,1
DA:41,1
DA:42,2
DA:50,2
DA:55,4
DA:56,1
DA:57,1
DA:61,2
DA:64,2
DA:73,2
DA:79,4
DA:80,1
DA:81,1
DA:85,2
DA:89,2
DA:98,2
DA:103,4
DA:104,1
DA:105,1
DA:109,2
DA:112,2
LF:28
LH:28
end_of_record
SF:lib/src/untracked.dart
DA:7,52
DA:14,1
DA:15,1
DA:16,1
DA:20,1
DA:23,1
DA:25,1
DA:26,1
LF:8
LH:8
end_of_record
SF:lib/src/effect_closure.dart
DA:8,46
DA:10,23
DA:11,46
DA:13,12
DA:15,48
LF:5
LH:5
end_of_record
SF:lib/src/listeners.dart
DA:9,12
DA:11,23
DA:12,46
DA:14,46
DA:19,1
DA:20,2
DA:21,2
DA:24,10
DA:25,20
DA:28,40
DA:33,7
DA:34,14
DA:37,52
DA:38,2
DA:40,8
DA:41,16
DA:42,16
LF:17
LH:17
end_of_record
SF:lib/src/observer.dart
DA:20,1
LF:1
LH:1
end_of_record
SF:lib/src/state_beacon.dart
DA:19,13
DA:23,13
DA:25,13
DA:31,7
DA:35,7
DA:37,7
DA:48,3
DA:52,3
DA:54,3
DA:65,1
DA:69,1
DA:71,1
DA:73,1
DA:87,3
DA:92,3
DA:95,3
DA:101,3
DA:106,3
DA:109,3
DA:136,4
DA:142,4
DA:146,4
DA:152,4
DA:158,4
DA:162,4
DA:185,2
DA:190,2
DA:193,2
DA:201,5
DA:206,5
DA:209,5
DA:230,5
DA:232,5
DA:234,5
DA:256,3
DA:260,3
DA:262,3
DA:280,1
DA:285,1
DA:288,1
DA:295,1
DA:300,1
DA:303,1
DA:315,2
DA:317,2
DA:319,2
DA:325,1
DA:329,1
DA:331,1
DA:346,3
DA:351,3
DA:354,3
DA:360,1
DA:368,1
DA:374,1
DA:392,1
DA:398,1
DA:402,1
DA:426,4
DA:431,4
DA:432,4
DA:435,4
DA:436,4
DA:437,8
DA:440,4
DA:443,4
DA:485,3
DA:492,3
DA:496,3
DA:499,6
DA:501,9
DA:503,3
DA:504,3
DA:505,3
DA:508,3
DA:512,3
DA:536,1
DA:537,1
DA:539,1
DA:546,1
DA:547,1
DA:549,1
DA:556,1
DA:560,1
DA:562,1
DA:589,6
DA:594,6
DA:660,3
DA:661,3
DA:710,1
DA:711,1
DA:738,1
DA:743,1
LF:93
LH:93
end_of_record
SF:lib/src/beacons/family.dart
DA:8,1
DA:9,1
DA:10,2
DA:17,1
DA:18,3
DA:20,4
DA:21,2
DA:22,2
DA:28,1
DA:29,1
DA:31,4
DA:32,1
DA:35,2
LF:13
LH:13
end_of_record
SF:lib/src/extensions/iterable.dart
DA:5,1
DA:6,1
DA:12,1
DA:13,1
DA:17,1
DA:23,1
LF:6
LH:6
end_of_record
SF:lib/src/extensions/readable.dart
DA:8,4
DA:11,4
DA:13,12
DA:15,8
DA:17,2
DA:18,2
DA:19,2
DA:20,1
DA:23,4
DA:25,8
DA:54,2
DA:58,2
DA:60,4
DA:61,1
DA:62,2
DA:66,4
DA:68,2
DA:71,2
LF:18
LH:18
end_of_record
SF:lib/src/extensions/writable.dart
DA:4,1
DA:5,2
DA:10,7
DA:11,21
DA:14,1
DA:15,3
DA:20,1
DA:47,1
DA:48,1
LF:9
LH:9
end_of_record
